<?xml version="1.0" encoding="UTF-8"?>
<!-- Generated by org.testng.reporters.JUnitReportReporter -->
<testsuite hostname="DESKTOP-9NNFO5V" failures="0" tests="2" name="qaclickacademy.Mavenjava1.SeleniumTest" time="0.002" errors="0" timestamp="10 Oct 2020 19:07:09 GMT" skipped="0">
  <testcase classname="qaclickacademy.Mavenjava1.SeleniumTest" name="BrowserAutomation" time="0.001"/>
  <testcase classname="qaclickacademy.Mavenjava1.SeleniumTest" name="elementsUi" time="0.001"/>
</testsuite> <!-- qaclickacademy.Mavenjava1.SeleniumTest -->
